Android/Bimsmith/build/outputs/logs/manifest-merger-debug-report.txt
-- Merging decision tree log ---
manifest
ADDED from aws-sdk-android-samples-master/Bimsmith/AndroidManifest.xml:2:1-28:12
INJECTED from aws-sdk-android-samples-master/Bimsmith/AndroidManifest.xml:2:1-28:12
INJECTED from aws-sdk-android-samples-master/Bimsmith/AndroidManifest.xml:2:1-28:12
INJECTED from aws-sdk-android-samples-master/Bimsmith/AndroidManifest.xml:2:1-28:12
INJECTED from aws-sdk-android-samples-master/Bimsmith/AndroidManifest.xml:2:1-28:12
	package
		ADDED from aws-sdk-android-samples-master/Bimsmith/AndroidManifest.xml:3:5-45
	android:versionName
		ADDED from aws-sdk-android-samples-master/Bimsmith/AndroidManifest.xml:5:5-30
		INJECTED from aws-sdk-android-samples-master/Bimsmith/AndroidManifest.xml
		INJECTED from aws-sdk-android-samples-master/Bimsmith/AndroidManifest.xml
	xmlns:android
		ADDED from aws-sdk-android-samples-master/Bimsmith/AndroidManifest.xml:2:11-69
	android:versionCode
		ADDED from aws-sdk-android-samples-master/Bimsmith/AndroidManifest.xml:4:5-28
		INJECTED from aws-sdk-android-samples-master/Bimsmith/AndroidManifest.xml
		INJECTED from aws-sdk-android-samples-master/Bimsmith/AndroidManifest.xml
uses-sdk
ADDED from aws-sdk-android-samples-master/Bimsmith/AndroidManifest.xml:7:5-9:41
INJECTED from aws-sdk-android-samples-master/Bimsmith/AndroidManifest.xml:7:5-9:41
INJECTED from aws-sdk-android-samples-master/Bimsmith/AndroidManifest.xml:7:5-9:41
INJECTED from aws-sdk-android-samples-master/Bimsmith/AndroidManifest.xml:7:5-9:41
INJECTED from aws-sdk-android-samples-master/Bimsmith/AndroidManifest.xml:7:5-9:41
	android:targetSdkVersion
		ADDED from aws-sdk-android-samples-master/Bimsmith/AndroidManifest.xml:9:9-38
		INJECTED from aws-sdk-android-samples-master/Bimsmith/AndroidManifest.xml
		INJECTED from aws-sdk-android-samples-master/Bimsmith/AndroidManifest.xml
	android:minSdkVersion
		ADDED from aws-sdk-android-samples-master/Bimsmith/AndroidManifest.xml:8:9-35
		INJECTED from aws-sdk-android-samples-master/Bimsmith/AndroidManifest.xml
		INJECTED from aws-sdk-android-samples-master/Bimsmith/AndroidManifest.xml
uses-permission#android.permission.INTERNET
ADDED from aws-sdk-android-samples-master/Bimsmith/AndroidManifest.xml:11:5-67
	android:name
		ADDED from aws-sdk-android-samples-master/Bimsmith/AndroidManifest.xml:11:22-64
uses-permission#android.permission.RECEIVE_BOOT_COMPLETED
ADDED from aws-sdk-android-samples-master/Bimsmith/AndroidManifest.xml:12:5-81
	android:name
		ADDED from aws-sdk-android-samples-master/Bimsmith/AndroidManifest.xml:12:22-78
uses-permission#android.permission.CALL_PHONE
ADDED from aws-sdk-android-samples-master/Bimsmith/AndroidManifest.xml:13:5-69
	android:name
		ADDED from aws-sdk-android-samples-master/Bimsmith/AndroidManifest.xml:13:22-66
application
ADDED from aws-sdk-android-samples-master/Bimsmith/AndroidManifest.xml:15:5-26:19
	android:label
		ADDED from aws-sdk-android-samples-master/Bimsmith/AndroidManifest.xml:18:9-41
	android:icon
		ADDED from aws-sdk-android-samples-master/Bimsmith/AndroidManifest.xml:17:9-45
	android:allowBackup
		ADDED from aws-sdk-android-samples-master/Bimsmith/AndroidManifest.xml:16:9-35
activity#com.android.anguleris.bimsmith.TestActivity
ADDED from aws-sdk-android-samples-master/Bimsmith/AndroidManifest.xml:19:9-25:20
	android:name
		ADDED from aws-sdk-android-samples-master/Bimsmith/AndroidManifest.xml:19:19-77
intent-filter#android.intent.action.MAIN+android.intent.category.LAUNCHER
ADDED from aws-sdk-android-samples-master/Bimsmith/AndroidManifest.xml:20:13-24:29
action#android.intent.action.MAIN
ADDED from aws-sdk-android-samples-master/Bimsmith/AndroidManifest.xml:21:17-69
	android:name
		ADDED from aws-sdk-android-samples-master/Bimsmith/AndroidManifest.xml:21:25-66
category#android.intent.category.LAUNCHER
ADDED from aws-sdk-android-samples-master/Bimsmith/AndroidManifest.xml:23:17-77
	android:name
		ADDED from aws-sdk-android-samples-master/Bimsmith/AndroidManifest.xml:23:27-74